<?xml version="1.0" encoding="UTF-8"?>
<robot generator="Robot 7.4.2 (Python 3.11.9 on win32)" generated="2026-03-08T12:29:01.110744" rpa="false" schemaversion="5">
<suite id="s1" name="Hamburger Menu Test" source="D:\robot\product_tests\hamburger_menu_test.robot">
<test id="s1-t1" name="Verify All Items Button" line="11">
<kw name="Open Browser" owner="SeleniumLibrary">
<msg time="2026-03-08T12:29:01.328892" level="INFO">Opening browser 'chrome' to base url 'https://www.saucedemo.com/'.</msg>
<arg>${URL}</arg>
<arg>${BROWSER}</arg>
<doc>Opens a new browser instance to the optional ``url``.</doc>
<status status="PASS" start="2026-03-08T12:29:01.328892" elapsed="9.950752"/>
</kw>
<kw name="Maximize Browser Window" owner="SeleniumLibrary">
<doc>Maximizes current browser window.</doc>
<status status="PASS" start="2026-03-08T12:29:11.279644" elapsed="0.039366"/>
</kw>
<kw name="Login To SauceDemo">
<kw name="Input Text" owner="SeleniumLibrary">
<msg time="2026-03-08T12:29:11.319010" level="INFO">Typing text 'standard_user' into text field 'id=user-name'.</msg>
<arg>id=user-name</arg>
<arg>${USERNAME}</arg>
<doc>Types the given ``text`` into the text field identified by ``locator``.</doc>
<status status="PASS" start="2026-03-08T12:29:11.319010" elapsed="0.161821"/>
</kw>
<kw name="Input Text" owner="SeleniumLibrary">
<msg time="2026-03-08T12:29:11.481829" level="INFO">Typing text 'secret_sauce' into text field 'id=password'.</msg>
<arg>id=password</arg>
<arg>${PASSWORD}</arg>
<doc>Types the given ``text`` into the text field identified by ``locator``.</doc>
<status status="PASS" start="2026-03-08T12:29:11.480831" elapsed="0.094554"/>
</kw>
<kw name="Click Button" owner="SeleniumLibrary">
<msg time="2026-03-08T12:29:11.575385" level="INFO">Clicking button 'id=login-button'.</msg>
<arg>id=login-button</arg>
<doc>Clicks the button identified by ``locator``.</doc>
<status status="PASS" start="2026-03-08T12:29:11.575385" elapsed="0.085594"/>
</kw>
<kw name="Wait Until Element Is Visible" owner="SeleniumLibrary">
<arg>class=inventory_list</arg>
<doc>Waits until the element ``locator`` is visible.</doc>
<status status="PASS" start="2026-03-08T12:29:11.660979" elapsed="0.027530"/>
</kw>
<status status="PASS" start="2026-03-08T12:29:11.319010" elapsed="0.369499"/>
</kw>
<kw name="Open Hamburger Menu">
<kw name="Click Button" owner="SeleniumLibrary">
<msg time="2026-03-08T12:29:11.688509" level="INFO">Clicking button 'id=react-burger-menu-btn'.</msg>
<arg>id=react-burger-menu-btn</arg>
<doc>Clicks the button identified by ``locator``.</doc>
<status status="PASS" start="2026-03-08T12:29:11.688509" elapsed="0.062871"/>
</kw>
<kw name="Wait Until Element Is Visible" owner="SeleniumLibrary">
<arg>id=inventory_sidebar_link</arg>
<doc>Waits until the element ``locator`` is visible.</doc>
<status status="PASS" start="2026-03-08T12:29:11.751380" elapsed="0.225556"/>
</kw>
<status status="PASS" start="2026-03-08T12:29:11.688509" elapsed="0.288427"/>
</kw>
<kw name="Click Element" owner="SeleniumLibrary">
<msg time="2026-03-08T12:29:11.977935" level="INFO">Clicking element 'id=inventory_sidebar_link'.</msg>
<arg>id=inventory_sidebar_link</arg>
<doc>Click the element identified by ``locator``.</doc>
<status status="PASS" start="2026-03-08T12:29:11.976936" elapsed="0.070700"/>
</kw>
<kw name="Element Should Contain" owner="SeleniumLibrary">
<msg time="2026-03-08T12:29:12.077686" level="INFO">Element 'class=title' contains text 'Products'.</msg>
<arg>class=title</arg>
<arg>Products</arg>
<doc>Verifies that element ``locator`` contains text ``expected``.</doc>
<status status="PASS" start="2026-03-08T12:29:12.047636" elapsed="0.030050"/>
</kw>
<kw name="Close Browser" owner="SeleniumLibrary">
<doc>Closes the current browser.</doc>
<status status="PASS" start="2026-03-08T12:29:12.077686" elapsed="2.131998"/>
</kw>
<status status="PASS" start="2026-03-08T12:29:01.328892" elapsed="12.880792"/>
</test>
<test id="s1-t2" name="Verify About Button" line="21">
<kw name="Open Browser" owner="SeleniumLibrary">
<msg time="2026-03-08T12:29:14.209684" level="INFO">Opening browser 'chrome' to base url 'https://www.saucedemo.com/'.</msg>
<arg>${URL}</arg>
<arg>${BROWSER}</arg>
<doc>Opens a new browser instance to the optional ``url``.</doc>
<status status="PASS" start="2026-03-08T12:29:14.209684" elapsed="4.537515"/>
</kw>
<kw name="Maximize Browser Window" owner="SeleniumLibrary">
<doc>Maximizes current browser window.</doc>
<status status="PASS" start="2026-03-08T12:29:18.748243" elapsed="0.035912"/>
</kw>
<kw name="Login To SauceDemo">
<kw name="Input Text" owner="SeleniumLibrary">
<msg time="2026-03-08T12:29:18.784155" level="INFO">Typing text 'standard_user' into text field 'id=user-name'.</msg>
<arg>id=user-name</arg>
<arg>${USERNAME}</arg>
<doc>Types the given ``text`` into the text field identified by ``locator``.</doc>
<status status="PASS" start="2026-03-08T12:29:18.784155" elapsed="0.211618"/>
</kw>
<kw name="Input Text" owner="SeleniumLibrary">
<msg time="2026-03-08T12:29:18.996975" level="INFO">Typing text 'secret_sauce' into text field 'id=password'.</msg>
<arg>id=password</arg>
<arg>${PASSWORD}</arg>
<doc>Types the given ``text`` into the text field identified by ``locator``.</doc>
<status status="PASS" start="2026-03-08T12:29:18.995773" elapsed="0.080950"/>
</kw>
<kw name="Click Button" owner="SeleniumLibrary">
<msg time="2026-03-08T12:29:19.076723" level="INFO">Clicking button 'id=login-button'.</msg>
<arg>id=login-button</arg>
<doc>Clicks the button identified by ``locator``.</doc>
<status status="PASS" start="2026-03-08T12:29:19.076723" elapsed="0.083791"/>
</kw>
<kw name="Wait Until Element Is Visible" owner="SeleniumLibrary">
<arg>class=inventory_list</arg>
<doc>Waits until the element ``locator`` is visible.</doc>
<status status="PASS" start="2026-03-08T12:29:19.160514" elapsed="0.013107"/>
</kw>
<status status="PASS" start="2026-03-08T12:29:18.784155" elapsed="0.389466"/>
</kw>
<kw name="Open Hamburger Menu">
<kw name="Click Button" owner="SeleniumLibrary">
<msg time="2026-03-08T12:29:19.179071" level="INFO">Clicking button 'id=react-burger-menu-btn'.</msg>
<arg>id=react-burger-menu-btn</arg>
<doc>Clicks the button identified by ``locator``.</doc>
<status status="PASS" start="2026-03-08T12:29:19.173621" elapsed="0.084748"/>
</kw>
<kw name="Wait Until Element Is Visible" owner="SeleniumLibrary">
<arg>id=inventory_sidebar_link</arg>
<doc>Waits until the element ``locator`` is visible.</doc>
<status status="PASS" start="2026-03-08T12:29:19.258369" elapsed="0.225980"/>
</kw>
<status status="PASS" start="2026-03-08T12:29:19.173621" elapsed="0.310728"/>
</kw>
<kw name="Click Element" owner="SeleniumLibrary">
<msg time="2026-03-08T12:29:19.484349" level="INFO">Clicking element 'id=about_sidebar_link'.</msg>
<arg>id=about_sidebar_link</arg>
<doc>Click the element identified by ``locator``.</doc>
<status status="PASS" start="2026-03-08T12:29:19.484349" elapsed="33.537995"/>
</kw>
<kw name="Location Should Contain" owner="SeleniumLibrary">
<msg time="2026-03-08T12:29:53.030349" level="INFO">Current location contains 'saucelabs'.</msg>
<arg>saucelabs</arg>
<doc>Verifies that the current URL contains ``expected``.</doc>
<status status="PASS" start="2026-03-08T12:29:53.023344" elapsed="0.007005"/>
</kw>
<kw name="Close Browser" owner="SeleniumLibrary">
<doc>Closes the current browser.</doc>
<status status="PASS" start="2026-03-08T12:29:53.030349" elapsed="2.274471"/>
</kw>
<status status="PASS" start="2026-03-08T12:29:14.209684" elapsed="41.095136"/>
</test>
<test id="s1-t3" name="Verify Logout Button" line="31">
<kw name="Open Browser" owner="SeleniumLibrary">
<msg time="2026-03-08T12:29:55.304820" level="INFO">Opening browser 'chrome' to base url 'https://www.saucedemo.com/'.</msg>
<arg>${URL}</arg>
<arg>${BROWSER}</arg>
<doc>Opens a new browser instance to the optional ``url``.</doc>
<status status="PASS" start="2026-03-08T12:29:55.304820" elapsed="2.124095"/>
</kw>
<kw name="Maximize Browser Window" owner="SeleniumLibrary">
<doc>Maximizes current browser window.</doc>
<status status="PASS" start="2026-03-08T12:29:57.428915" elapsed="0.033965"/>
</kw>
<kw name="Login To SauceDemo">
<kw name="Input Text" owner="SeleniumLibrary">
<msg time="2026-03-08T12:29:57.462880" level="INFO">Typing text 'standard_user' into text field 'id=user-name'.</msg>
<arg>id=user-name</arg>
<arg>${USERNAME}</arg>
<doc>Types the given ``text`` into the text field identified by ``locator``.</doc>
<status status="PASS" start="2026-03-08T12:29:57.462880" elapsed="0.168978"/>
</kw>
<kw name="Input Text" owner="SeleniumLibrary">
<msg time="2026-03-08T12:29:57.631858" level="INFO">Typing text 'secret_sauce' into text field 'id=password'.</msg>
<arg>id=password</arg>
<arg>${PASSWORD}</arg>
<doc>Types the given ``text`` into the text field identified by ``locator``.</doc>
<status status="PASS" start="2026-03-08T12:29:57.631858" elapsed="0.093379"/>
</kw>
<kw name="Click Button" owner="SeleniumLibrary">
<msg time="2026-03-08T12:29:57.726260" level="INFO">Clicking button 'id=login-button'.</msg>
<arg>id=login-button</arg>
<doc>Clicks the button identified by ``locator``.</doc>
<status status="PASS" start="2026-03-08T12:29:57.725237" elapsed="0.085482"/>
</kw>
<kw name="Wait Until Element Is Visible" owner="SeleniumLibrary">
<arg>class=inventory_list</arg>
<doc>Waits until the element ``locator`` is visible.</doc>
<status status="PASS" start="2026-03-08T12:29:57.811275" elapsed="0.017776"/>
</kw>
<status status="PASS" start="2026-03-08T12:29:57.462880" elapsed="0.366171"/>
</kw>
<kw name="Open Hamburger Menu">
<kw name="Click Button" owner="SeleniumLibrary">
<msg time="2026-03-08T12:29:57.829051" level="INFO">Clicking button 'id=react-burger-menu-btn'.</msg>
<arg>id=react-burger-menu-btn</arg>
<doc>Clicks the button identified by ``locator``.</doc>
<status status="PASS" start="2026-03-08T12:29:57.829051" elapsed="0.058107"/>
</kw>
<kw name="Wait Until Element Is Visible" owner="SeleniumLibrary">
<arg>id=inventory_sidebar_link</arg>
<doc>Waits until the element ``locator`` is visible.</doc>
<status status="PASS" start="2026-03-08T12:29:57.887158" elapsed="0.226890"/>
</kw>
<status status="PASS" start="2026-03-08T12:29:57.829051" elapsed="0.284997"/>
</kw>
<kw name="Click Element" owner="SeleniumLibrary">
<msg time="2026-03-08T12:29:58.115621" level="INFO">Clicking element 'id=logout_sidebar_link'.</msg>
<arg>id=logout_sidebar_link</arg>
<doc>Click the element identified by ``locator``.</doc>
<status status="PASS" start="2026-03-08T12:29:58.115076" elapsed="0.089197"/>
</kw>
<kw name="Element Should Be Visible" owner="SeleniumLibrary">
<msg time="2026-03-08T12:29:58.217585" level="INFO">Element 'id=login-button' is displayed.</msg>
<arg>id=login-button</arg>
<doc>Verifies that the element identified by ``locator`` is visible.</doc>
<status status="PASS" start="2026-03-08T12:29:58.204273" elapsed="0.013312"/>
</kw>
<kw name="Close Browser" owner="SeleniumLibrary">
<doc>Closes the current browser.</doc>
<status status="PASS" start="2026-03-08T12:29:58.217585" elapsed="2.137910"/>
</kw>
<status status="PASS" start="2026-03-08T12:29:55.304820" elapsed="5.050675"/>
</test>
<test id="s1-t4" name="Verify Reset App State Button" line="41">
<kw name="Open Browser" owner="SeleniumLibrary">
<msg time="2026-03-08T12:30:00.355495" level="INFO">Opening browser 'chrome' to base url 'https://www.saucedemo.com/'.</msg>
<arg>${URL}</arg>
<arg>${BROWSER}</arg>
<doc>Opens a new browser instance to the optional ``url``.</doc>
<status status="PASS" start="2026-03-08T12:30:00.355495" elapsed="2.958970"/>
</kw>
<kw name="Maximize Browser Window" owner="SeleniumLibrary">
<doc>Maximizes current browser window.</doc>
<status status="PASS" start="2026-03-08T12:30:03.314465" elapsed="0.035154"/>
</kw>
<kw name="Login To SauceDemo">
<kw name="Input Text" owner="SeleniumLibrary">
<msg time="2026-03-08T12:30:03.350615" level="INFO">Typing text 'standard_user' into text field 'id=user-name'.</msg>
<arg>id=user-name</arg>
<arg>${USERNAME}</arg>
<doc>Types the given ``text`` into the text field identified by ``locator``.</doc>
<status status="PASS" start="2026-03-08T12:30:03.350615" elapsed="0.215107"/>
</kw>
<kw name="Input Text" owner="SeleniumLibrary">
<msg time="2026-03-08T12:30:03.566747" level="INFO">Typing text 'secret_sauce' into text field 'id=password'.</msg>
<arg>id=password</arg>
<arg>${PASSWORD}</arg>
<doc>Types the given ``text`` into the text field identified by ``locator``.</doc>
<status status="PASS" start="2026-03-08T12:30:03.565722" elapsed="0.085746"/>
</kw>
<kw name="Click Button" owner="SeleniumLibrary">
<msg time="2026-03-08T12:30:03.651468" level="INFO">Clicking button 'id=login-button'.</msg>
<arg>id=login-button</arg>
<doc>Clicks the button identified by ``locator``.</doc>
<status status="PASS" start="2026-03-08T12:30:03.651468" elapsed="0.084841"/>
</kw>
<kw name="Wait Until Element Is Visible" owner="SeleniumLibrary">
<arg>class=inventory_list</arg>
<doc>Waits until the element ``locator`` is visible.</doc>
<status status="PASS" start="2026-03-08T12:30:03.736725" elapsed="0.010862"/>
</kw>
<status status="PASS" start="2026-03-08T12:30:03.350615" elapsed="0.396972"/>
</kw>
<kw name="Click Button" owner="SeleniumLibrary">
<msg time="2026-03-08T12:30:03.747587" level="INFO">Clicking button 'id=add-to-cart-sauce-labs-backpack'.</msg>
<arg>id=add-to-cart-sauce-labs-backpack</arg>
<doc>Clicks the button identified by ``locator``.</doc>
<status status="PASS" start="2026-03-08T12:30:03.747587" elapsed="0.064835"/>
</kw>
<kw name="Element Text Should Be" owner="SeleniumLibrary">
<msg time="2026-03-08T12:30:03.812422" level="INFO">Verifying element 'class=shopping_cart_badge' contains exact text '1'.</msg>
<arg>class=shopping_cart_badge</arg>
<arg>1</arg>
<doc>Verifies that element ``locator`` contains exact the text ``expected``.</doc>
<status status="PASS" start="2026-03-08T12:30:03.812422" elapsed="0.039625"/>
</kw>
<kw name="Open Hamburger Menu">
<kw name="Click Button" owner="SeleniumLibrary">
<msg time="2026-03-08T12:30:03.852047" level="INFO">Clicking button 'id=react-burger-menu-btn'.</msg>
<arg>id=react-burger-menu-btn</arg>
<doc>Clicks the button identified by ``locator``.</doc>
<status status="PASS" start="2026-03-08T12:30:03.852047" elapsed="0.053775"/>
</kw>
<kw name="Wait Until Element Is Visible" owner="SeleniumLibrary">
<arg>id=inventory_sidebar_link</arg>
<doc>Waits until the element ``locator`` is visible.</doc>
<status status="PASS" start="2026-03-08T12:30:03.905822" elapsed="0.229866"/>
</kw>
<status status="PASS" start="2026-03-08T12:30:03.852047" elapsed="0.283641"/>
</kw>
<kw name="Click Element" owner="SeleniumLibrary">
<msg time="2026-03-08T12:30:04.136832" level="INFO">Clicking element 'id=reset_sidebar_link'.</msg>
<arg>id=reset_sidebar_link</arg>
<doc>Click the element identified by ``locator``.</doc>
<status status="PASS" start="2026-03-08T12:30:04.136422" elapsed="0.074300"/>
</kw>
<kw name="Element Should Not Be Visible" owner="SeleniumLibrary">
<msg time="2026-03-08T12:30:04.217663" level="INFO">Element 'class=shopping_cart_badge' did not exist.</msg>
<arg>class=shopping_cart_badge</arg>
<doc>Verifies that the element identified by ``locator`` is NOT visible.</doc>
<status status="PASS" start="2026-03-08T12:30:04.210722" elapsed="0.006941"/>
</kw>
<kw name="Close Browser" owner="SeleniumLibrary">
<doc>Closes the current browser.</doc>
<status status="PASS" start="2026-03-08T12:30:04.218668" elapsed="2.141513"/>
</kw>
<status status="PASS" start="2026-03-08T12:30:00.355495" elapsed="6.004686"/>
</test>
<status status="PASS" start="2026-03-08T12:29:01.112709" elapsed="65.247472"/>
</suite>
<statistics>
<total>
<stat pass="4" fail="0" skip="0">All Tests</stat>
</total>
<tag>
</tag>
<suite>
<stat name="Hamburger Menu Test" id="s1" pass="4" fail="0" skip="0">Hamburger Menu Test</stat>
</suite>
</statistics>
<errors>
</errors>
</robot>
